master.adtec.ovh: Did not receive an HTTP/1.1 200 OK response. Full response follows:
---------------------- Begin response ----------------------
HTTP/1.1 405 Not Allowed
Date: Tue, 06 Dec 2022 14:25:03 GMT
Content-Type: text/html
Content-Length: 157
Connection: close

<html>
<head><title>405 Not Allowed</title></head>
<body>
<center><h1>405 Not Allowed</h1></center>
<hr><center>nginx/1.18.0</center>
</body>
</html>

----------------------- End response -----------------------
master.thijn.ovh: Did not receive an HTTP/1.1 200 OK response. Full response follows:
---------------------- Begin response ----------------------
HTTP/1.1 500 Internal Server Error
Server: nginx
Date: Tue, 06 Dec 2022 14:25:32 GMT
Content-Type: text/html; charset=UTF-8
Transfer-Encoding: chunked
Connection: close
Strict-Transport-Security: max-age=63072000

12
Server unreachable
0


----------------------- End response -----------------------
master.adtec.ovh: Did not receive an HTTP/1.1 200 OK response. Full response follows:
---------------------- Begin response ----------------------
HTTP/1.1 405 Not Allowed
Date: Tue, 06 Dec 2022 14:28:42 GMT
Content-Type: text/html
Content-Length: 157
Connection: close

<html>
<head><title>405 Not Allowed</title></head>
<body>
<center><h1>405 Not Allowed</h1></center>
<hr><center>nginx/1.18.0</center>
</body>
</html>

----------------------- End response -----------------------
master.thijn.ovh: Did not receive an HTTP/1.1 200 OK response. Full response follows:
---------------------- Begin response ----------------------
HTTP/1.1 500 Internal Server Error
Server: nginx
Date: Tue, 06 Dec 2022 14:29:11 GMT
Content-Type: text/html; charset=UTF-8
Transfer-Encoding: chunked
Connection: close
Strict-Transport-Security: max-age=63072000

12
Server unreachable
0


----------------------- End response -----------------------
master.adtec.ovh: Did not receive an HTTP/1.1 200 OK response. Full response follows:
---------------------- Begin response ----------------------
HTTP/1.1 405 Not Allowed
Date: Tue, 06 Dec 2022 14:39:19 GMT
Content-Type: text/html
Content-Length: 157
Connection: close

<html>
<head><title>405 Not Allowed</title></head>
<body>
<center><h1>405 Not Allowed</h1></center>
<hr><center>nginx/1.18.0</center>
</body>
</html>

----------------------- End response -----------------------
master.thijn.ovh: Did not receive an HTTP/1.1 200 OK response. Full response follows:
---------------------- Begin response ----------------------
HTTP/1.1 500 Internal Server Error
Server: nginx
Date: Tue, 06 Dec 2022 14:39:48 GMT
Content-Type: text/html; charset=UTF-8
Transfer-Encoding: chunked
Connection: close
Strict-Transport-Security: max-age=63072000

12
Server unreachable
0


----------------------- End response -----------------------
master.adtec.ovh: Did not receive an HTTP/1.1 200 OK response. Full response follows:
---------------------- Begin response ----------------------
HTTP/1.1 405 Not Allowed
Date: Tue, 06 Dec 2022 14:40:27 GMT
Content-Type: text/html
Content-Length: 157
Connection: close

<html>
<head><title>405 Not Allowed</title></head>
<body>
<center><h1>405 Not Allowed</h1></center>
<hr><center>nginx/1.18.0</center>
</body>
</html>

----------------------- End response -----------------------
master.thijn.ovh: Did not receive an HTTP/1.1 200 OK response. Full response follows:
---------------------- Begin response ----------------------
HTTP/1.1 500 Internal Server Error
Server: nginx
Date: Tue, 06 Dec 2022 14:40:55 GMT
Content-Type: text/html; charset=UTF-8
Transfer-Encoding: chunked
Connection: close
Strict-Transport-Security: max-age=63072000

12
Server unreachable
0


----------------------- End response -----------------------
master.adtec.ovh: Did not receive an HTTP/1.1 200 OK response. Full response follows:
---------------------- Begin response ----------------------
HTTP/1.1 405 Not Allowed
Date: Tue, 06 Dec 2022 14:41:31 GMT
Content-Type: text/html
Content-Length: 157
Connection: close

<html>
<head><title>405 Not Allowed</title></head>
<body>
<center><h1>405 Not Allowed</h1></center>
<hr><center>nginx/1.18.0</center>
</body>
</html>

----------------------- End response -----------------------
master.thijn.ovh: Did not receive an HTTP/1.1 200 OK response. Full response follows:
---------------------- Begin response ----------------------
HTTP/1.1 500 Internal Server Error
Server: nginx
Date: Tue, 06 Dec 2022 14:41:59 GMT
Content-Type: text/html; charset=UTF-8
Transfer-Encoding: chunked
Connection: close
Strict-Transport-Security: max-age=63072000

12
Server unreachable
0


----------------------- End response -----------------------
master.adtec.ovh: Did not receive an HTTP/1.1 200 OK response. Full response follows:
---------------------- Begin response ----------------------
HTTP/1.1 405 Not Allowed
Date: Tue, 06 Dec 2022 14:42:35 GMT
Content-Type: text/html
Content-Length: 157
Connection: close

<html>
<head><title>405 Not Allowed</title></head>
<body>
<center><h1>405 Not Allowed</h1></center>
<hr><center>nginx/1.18.0</center>
</body>
</html>

----------------------- End response -----------------------
master.thijn.ovh: Did not receive an HTTP/1.1 200 OK response. Full response follows:
---------------------- Begin response ----------------------
HTTP/1.1 500 Internal Server Error
Server: nginx
Date: Tue, 06 Dec 2022 14:43:04 GMT
Content-Type: text/html; charset=UTF-8
Transfer-Encoding: chunked
Connection: close
Strict-Transport-Security: max-age=63072000

12
Server unreachable
0


----------------------- End response -----------------------
master.adtec.ovh: Did not receive an HTTP/1.1 200 OK response. Full response follows:
---------------------- Begin response ----------------------
HTTP/1.1 405 Not Allowed
Date: Tue, 06 Dec 2022 14:43:40 GMT
Content-Type: text/html
Content-Length: 157
Connection: close

<html>
<head><title>405 Not Allowed</title></head>
<body>
<center><h1>405 Not Allowed</h1></center>
<hr><center>nginx/1.18.0</center>
</body>
</html>

----------------------- End response -----------------------
master.thijn.ovh: Did not receive an HTTP/1.1 200 OK response. Full response follows:
---------------------- Begin response ----------------------
HTTP/1.1 500 Internal Server Error
Server: nginx
Date: Tue, 06 Dec 2022 14:44:08 GMT
Content-Type: text/html; charset=UTF-8
Transfer-Encoding: chunked
Connection: close
Strict-Transport-Security: max-age=63072000

12
Server unreachable
0


----------------------- End response -----------------------
master.adtec.ovh: Did not receive an HTTP/1.1 200 OK response. Full response follows:
---------------------- Begin response ----------------------
HTTP/1.1 405 Not Allowed
Date: Tue, 06 Dec 2022 14:44:44 GMT
Content-Type: text/html
Content-Length: 157
Connection: close

<html>
<head><title>405 Not Allowed</title></head>
<body>
<center><h1>405 Not Allowed</h1></center>
<hr><center>nginx/1.18.0</center>
</body>
</html>

----------------------- End response -----------------------
master.thijn.ovh: Did not receive an HTTP/1.1 200 OK response. Full response follows:
---------------------- Begin response ----------------------
HTTP/1.1 500 Internal Server Error
Server: nginx
Date: Tue, 06 Dec 2022 14:45:12 GMT
Content-Type: text/html; charset=UTF-8
Transfer-Encoding: chunked
Connection: close
Strict-Transport-Security: max-age=63072000

12
Server unreachable
0


----------------------- End response -----------------------
master.adtec.ovh: Did not receive an HTTP/1.1 200 OK response. Full response follows:
---------------------- Begin response ----------------------
HTTP/1.1 405 Not Allowed
Date: Tue, 06 Dec 2022 14:45:47 GMT
Content-Type: text/html
Content-Length: 157
Connection: close

<html>
<head><title>405 Not Allowed</title></head>
<body>
<center><h1>405 Not Allowed</h1></center>
<hr><center>nginx/1.18.0</center>
</body>
</html>

----------------------- End response -----------------------
master.thijn.ovh: Did not receive an HTTP/1.1 200 OK response. Full response follows:
---------------------- Begin response ----------------------
HTTP/1.1 500 Internal Server Error
Server: nginx
Date: Tue, 06 Dec 2022 14:46:16 GMT
Content-Type: text/html; charset=UTF-8
Transfer-Encoding: chunked
Connection: close
Strict-Transport-Security: max-age=63072000

12
Server unreachable
0


----------------------- End response -----------------------
master.adtec.ovh: Did not receive an HTTP/1.1 200 OK response. Full response follows:
---------------------- Begin response ----------------------
HTTP/1.1 405 Not Allowed
Date: Tue, 06 Dec 2022 14:46:51 GMT
Content-Type: text/html
Content-Length: 157
Connection: close

<html>
<head><title>405 Not Allowed</title></head>
<body>
<center><h1>405 Not Allowed</h1></center>
<hr><center>nginx/1.18.0</center>
</body>
</html>

----------------------- End response -----------------------
master.thijn.ovh: Did not receive an HTTP/1.1 200 OK response. Full response follows:
---------------------- Begin response ----------------------
HTTP/1.1 500 Internal Server Error
Server: nginx
Date: Tue, 06 Dec 2022 14:47:19 GMT
Content-Type: text/html; charset=UTF-8
Transfer-Encoding: chunked
Connection: close
Strict-Transport-Security: max-age=63072000

12
Server unreachable
0


----------------------- End response -----------------------
master.adtec.ovh: Did not receive an HTTP/1.1 200 OK response. Full response follows:
---------------------- Begin response ----------------------
HTTP/1.1 405 Not Allowed
Date: Tue, 06 Dec 2022 14:47:55 GMT
Content-Type: text/html
Content-Length: 157
Connection: close

<html>
<head><title>405 Not Allowed</title></head>
<body>
<center><h1>405 Not Allowed</h1></center>
<hr><center>nginx/1.18.0</center>
</body>
</html>

----------------------- End response -----------------------
master.thijn.ovh: Did not receive an HTTP/1.1 200 OK response. Full response follows:
---------------------- Begin response ----------------------
HTTP/1.1 500 Internal Server Error
Server: nginx
Date: Tue, 06 Dec 2022 14:48:24 GMT
Content-Type: text/html; charset=UTF-8
Transfer-Encoding: chunked
Connection: close
Strict-Transport-Security: max-age=63072000

12
Server unreachable
0


----------------------- End response -----------------------
master.adtec.ovh: Did not receive an HTTP/1.1 200 OK response. Full response follows:
---------------------- Begin response ----------------------
HTTP/1.1 405 Not Allowed
Date: Tue, 06 Dec 2022 14:48:59 GMT
Content-Type: text/html
Content-Length: 157
Connection: close

<html>
<head><title>405 Not Allowed</title></head>
<body>
<center><h1>405 Not Allowed</h1></center>
<hr><center>nginx/1.18.0</center>
</body>
</html>

----------------------- End response -----------------------
master.thijn.ovh: Did not receive an HTTP/1.1 200 OK response. Full response follows:
---------------------- Begin response ----------------------
HTTP/1.1 500 Internal Server Error
Server: nginx
Date: Tue, 06 Dec 2022 14:49:28 GMT
Content-Type: text/html; charset=UTF-8
Transfer-Encoding: chunked
Connection: close
Strict-Transport-Security: max-age=63072000

12
Server unreachable
0


----------------------- End response -----------------------
master.adtec.ovh: Did not receive an HTTP/1.1 200 OK response. Full response follows:
---------------------- Begin response ----------------------
HTTP/1.1 405 Not Allowed
Date: Tue, 06 Dec 2022 14:50:04 GMT
Content-Type: text/html
Content-Length: 157
Connection: close

<html>
<head><title>405 Not Allowed</title></head>
<body>
<center><h1>405 Not Allowed</h1></center>
<hr><center>nginx/1.18.0</center>
</body>
</html>

----------------------- End response -----------------------
master.thijn.ovh: Did not receive an HTTP/1.1 200 OK response. Full response follows:
---------------------- Begin response ----------------------
HTTP/1.1 500 Internal Server Error
Server: nginx
Date: Tue, 06 Dec 2022 14:50:32 GMT
Content-Type: text/html; charset=UTF-8
Transfer-Encoding: chunked
Connection: close
Strict-Transport-Security: max-age=63072000

12
Server unreachable
0


----------------------- End response -----------------------
master.adtec.ovh: Did not receive an HTTP/1.1 200 OK response. Full response follows:
---------------------- Begin response ----------------------
HTTP/1.1 405 Not Allowed
Date: Tue, 06 Dec 2022 14:51:08 GMT
Content-Type: text/html
Content-Length: 157
Connection: close

<html>
<head><title>405 Not Allowed</title></head>
<body>
<center><h1>405 Not Allowed</h1></center>
<hr><center>nginx/1.18.0</center>
</body>
</html>

----------------------- End response -----------------------
master.thijn.ovh: Did not receive an HTTP/1.1 200 OK response. Full response follows:
---------------------- Begin response ----------------------
HTTP/1.1 500 Internal Server Error
Server: nginx
Date: Tue, 06 Dec 2022 14:51:37 GMT
Content-Type: text/html; charset=UTF-8
Transfer-Encoding: chunked
Connection: close
Strict-Transport-Security: max-age=63072000

12
Server unreachable
0


----------------------- End response -----------------------
master.adtec.ovh: Did not receive an HTTP/1.1 200 OK response. Full response follows:
---------------------- Begin response ----------------------
HTTP/1.1 405 Not Allowed
Date: Tue, 06 Dec 2022 15:04:51 GMT
Content-Type: text/html
Content-Length: 157
Connection: close

<html>
<head><title>405 Not Allowed</title></head>
<body>
<center><h1>405 Not Allowed</h1></center>
<hr><center>nginx/1.18.0</center>
</body>
</html>

----------------------- End response -----------------------
master.thijn.ovh: Did not receive an HTTP/1.1 200 OK response. Full response follows:
---------------------- Begin response ----------------------
HTTP/1.1 500 Internal Server Error
Server: nginx
Date: Tue, 06 Dec 2022 15:05:19 GMT
Content-Type: text/html; charset=UTF-8
Transfer-Encoding: chunked
Connection: close
Strict-Transport-Security: max-age=63072000

12
Server unreachable
0


----------------------- End response -----------------------
master.adtec.ovh: Did not receive an HTTP/1.1 200 OK response. Full response follows:
---------------------- Begin response ----------------------
HTTP/1.1 405 Not Allowed
Date: Tue, 06 Dec 2022 15:05:27 GMT
Content-Type: text/html
Content-Length: 157
Connection: close

<html>
<head><title>405 Not Allowed</title></head>
<body>
<center><h1>405 Not Allowed</h1></center>
<hr><center>nginx/1.18.0</center>
</body>
</html>

----------------------- End response -----------------------
master.thijn.ovh: Did not receive an HTTP/1.1 200 OK response. Full response follows:
---------------------- Begin response ----------------------
HTTP/1.1 500 Internal Server Error
Server: nginx
Date: Tue, 06 Dec 2022 15:05:56 GMT
Content-Type: text/html; charset=UTF-8
Transfer-Encoding: chunked
Connection: close
Strict-Transport-Security: max-age=63072000

12
Server unreachable
0


----------------------- End response -----------------------
master.adtec.ovh: Did not receive an HTTP/1.1 200 OK response. Full response follows:
---------------------- Begin response ----------------------
HTTP/1.1 405 Not Allowed
Date: Tue, 06 Dec 2022 15:06:08 GMT
Content-Type: text/html
Content-Length: 157
Connection: close

<html>
<head><title>405 Not Allowed</title></head>
<body>
<center><h1>405 Not Allowed</h1></center>
<hr><center>nginx/1.18.0</center>
</body>
</html>

----------------------- End response -----------------------
master.thijn.ovh: Did not receive an HTTP/1.1 200 OK response. Full response follows:
---------------------- Begin response ----------------------
HTTP/1.1 500 Internal Server Error
Server: nginx
Date: Tue, 06 Dec 2022 15:06:37 GMT
Content-Type: text/html; charset=UTF-8
Transfer-Encoding: chunked
Connection: close
Strict-Transport-Security: max-age=63072000

12
Server unreachable
0


----------------------- End response -----------------------
master.adtec.ovh: Did not receive an HTTP/1.1 200 OK response. Full response follows:
---------------------- Begin response ----------------------
HTTP/1.1 405 Not Allowed
Date: Tue, 06 Dec 2022 15:07:12 GMT
Content-Type: text/html
Content-Length: 157
Connection: close

<html>
<head><title>405 Not Allowed</title></head>
<body>
<center><h1>405 Not Allowed</h1></center>
<hr><center>nginx/1.18.0</center>
</body>
</html>

----------------------- End response -----------------------
master.thijn.ovh: Did not receive an HTTP/1.1 200 OK response. Full response follows:
---------------------- Begin response ----------------------
HTTP/1.1 500 Internal Server Error
Server: nginx
Date: Tue, 06 Dec 2022 15:07:40 GMT
Content-Type: text/html; charset=UTF-8
Transfer-Encoding: chunked
Connection: close
Strict-Transport-Security: max-age=63072000

12
Server unreachable
0


----------------------- End response -----------------------
master.adtec.ovh: Did not receive an HTTP/1.1 200 OK response. Full response follows:
---------------------- Begin response ----------------------
HTTP/1.1 405 Not Allowed
Date: Tue, 06 Dec 2022 15:08:16 GMT
Content-Type: text/html
Content-Length: 157
Connection: close

<html>
<head><title>405 Not Allowed</title></head>
<body>
<center><h1>405 Not Allowed</h1></center>
<hr><center>nginx/1.18.0</center>
</body>
</html>

----------------------- End response -----------------------
master.thijn.ovh: Did not receive an HTTP/1.1 200 OK response. Full response follows:
---------------------- Begin response ----------------------
HTTP/1.1 500 Internal Server Error
Server: nginx
Date: Tue, 06 Dec 2022 15:08:45 GMT
Content-Type: text/html; charset=UTF-8
Transfer-Encoding: chunked
Connection: close
Strict-Transport-Security: max-age=63072000

12
Server unreachable
0


----------------------- End response -----------------------
master.adtec.ovh: Did not receive an HTTP/1.1 200 OK response. Full response follows:
---------------------- Begin response ----------------------
HTTP/1.1 405 Not Allowed
Date: Tue, 06 Dec 2022 15:09:21 GMT
Content-Type: text/html
Content-Length: 157
Connection: close

<html>
<head><title>405 Not Allowed</title></head>
<body>
<center><h1>405 Not Allowed</h1></center>
<hr><center>nginx/1.18.0</center>
</body>
</html>

----------------------- End response -----------------------
master.thijn.ovh: Did not receive an HTTP/1.1 200 OK response. Full response follows:
---------------------- Begin response ----------------------
HTTP/1.1 500 Internal Server Error
Server: nginx
Date: Tue, 06 Dec 2022 15:09:49 GMT
Content-Type: text/html; charset=UTF-8
Transfer-Encoding: chunked
Connection: close
Strict-Transport-Security: max-age=63072000

12
Server unreachable
0


----------------------- End response -----------------------
master.adtec.ovh: Did not receive an HTTP/1.1 200 OK response. Full response follows:
---------------------- Begin response ----------------------
HTTP/1.1 405 Not Allowed
Date: Tue, 06 Dec 2022 15:10:25 GMT
Content-Type: text/html
Content-Length: 157
Connection: close

<html>
<head><title>405 Not Allowed</title></head>
<body>
<center><h1>405 Not Allowed</h1></center>
<hr><center>nginx/1.18.0</center>
</body>
</html>

----------------------- End response -----------------------
master.thijn.ovh: Did not receive an HTTP/1.1 200 OK response. Full response follows:
---------------------- Begin response ----------------------
HTTP/1.1 500 Internal Server Error
Server: nginx
Date: Tue, 06 Dec 2022 15:10:54 GMT
Content-Type: text/html; charset=UTF-8
Transfer-Encoding: chunked
Connection: close
Strict-Transport-Security: max-age=63072000

12
Server unreachable
0


----------------------- End response -----------------------
master.adtec.ovh: Did not receive an HTTP/1.1 200 OK response. Full response follows:
---------------------- Begin response ----------------------
HTTP/1.1 405 Not Allowed
Date: Tue, 06 Dec 2022 15:11:30 GMT
Content-Type: text/html
Content-Length: 157
Connection: close

<html>
<head><title>405 Not Allowed</title></head>
<body>
<center><h1>405 Not Allowed</h1></center>
<hr><center>nginx/1.18.0</center>
</body>
</html>

----------------------- End response -----------------------
master.thijn.ovh: Did not receive an HTTP/1.1 200 OK response. Full response follows:
---------------------- Begin response ----------------------
HTTP/1.1 500 Internal Server Error
Server: nginx
Date: Tue, 06 Dec 2022 15:11:58 GMT
Content-Type: text/html; charset=UTF-8
Transfer-Encoding: chunked
Connection: close
Strict-Transport-Security: max-age=63072000

12
Server unreachable
0


----------------------- End response -----------------------
master.adtec.ovh: Did not receive an HTTP/1.1 200 OK response. Full response follows:
---------------------- Begin response ----------------------
HTTP/1.1 405 Not Allowed
Date: Tue, 06 Dec 2022 15:12:34 GMT
Content-Type: text/html
Content-Length: 157
Connection: close

<html>
<head><title>405 Not Allowed</title></head>
<body>
<center><h1>405 Not Allowed</h1></center>
<hr><center>nginx/1.18.0</center>
</body>
</html>

----------------------- End response -----------------------
master.thijn.ovh: Did not receive an HTTP/1.1 200 OK response. Full response follows:
---------------------- Begin response ----------------------
HTTP/1.1 500 Internal Server Error
Server: nginx
Date: Tue, 06 Dec 2022 15:13:03 GMT
Content-Type: text/html; charset=UTF-8
Transfer-Encoding: chunked
Connection: close
Strict-Transport-Security: max-age=63072000

12
Server unreachable
0


----------------------- End response -----------------------
master.adtec.ovh: Did not receive an HTTP/1.1 200 OK response. Full response follows:
---------------------- Begin response ----------------------
HTTP/1.1 405 Not Allowed
Date: Tue, 06 Dec 2022 15:13:39 GMT
Content-Type: text/html
Content-Length: 157
Connection: close

<html>
<head><title>405 Not Allowed</title></head>
<body>
<center><h1>405 Not Allowed</h1></center>
<hr><center>nginx/1.18.0</center>
</body>
</html>

----------------------- End response -----------------------
master.thijn.ovh: Did not receive an HTTP/1.1 200 OK response. Full response follows:
---------------------- Begin response ----------------------
HTTP/1.1 500 Internal Server Error
Server: nginx
Date: Tue, 06 Dec 2022 15:14:07 GMT
Content-Type: text/html; charset=UTF-8
Transfer-Encoding: chunked
Connection: close
Strict-Transport-Security: max-age=63072000

12
Server unreachable
0


----------------------- End response -----------------------
master.adtec.ovh: Did not receive an HTTP/1.1 200 OK response. Full response follows:
---------------------- Begin response ----------------------
HTTP/1.1 405 Not Allowed
Date: Tue, 06 Dec 2022 15:14:43 GMT
Content-Type: text/html
Content-Length: 157
Connection: close

<html>
<head><title>405 Not Allowed</title></head>
<body>
<center><h1>405 Not Allowed</h1></center>
<hr><center>nginx/1.18.0</center>
</body>
</html>

----------------------- End response -----------------------
master.thijn.ovh: Did not receive an HTTP/1.1 200 OK response. Full response follows:
---------------------- Begin response ----------------------
HTTP/1.1 500 Internal Server Error
Server: nginx
Date: Tue, 06 Dec 2022 15:15:12 GMT
Content-Type: text/html; charset=UTF-8
Transfer-Encoding: chunked
Connection: close
Strict-Transport-Security: max-age=63072000

12
Server unreachable
0


----------------------- End response -----------------------
master.adtec.ovh: Did not receive an HTTP/1.1 200 OK response. Full response follows:
---------------------- Begin response ----------------------
HTTP/1.1 405 Not Allowed
Date: Tue, 06 Dec 2022 15:15:48 GMT
Content-Type: text/html
Content-Length: 157
Connection: close

<html>
<head><title>405 Not Allowed</title></head>
<body>
<center><h1>405 Not Allowed</h1></center>
<hr><center>nginx/1.18.0</center>
</body>
</html>

----------------------- End response -----------------------
master.thijn.ovh: Did not receive an HTTP/1.1 200 OK response. Full response follows:
---------------------- Begin response ----------------------
HTTP/1.1 500 Internal Server Error
Server: nginx
Date: Tue, 06 Dec 2022 15:16:16 GMT
Content-Type: text/html; charset=UTF-8
Transfer-Encoding: chunked
Connection: close
Strict-Transport-Security: max-age=63072000

12
Server unreachable
0


----------------------- End response -----------------------
master.adtec.ovh: Did not receive an HTTP/1.1 200 OK response. Full response follows:
---------------------- Begin response ----------------------
HTTP/1.1 405 Not Allowed
Date: Tue, 06 Dec 2022 15:16:52 GMT
Content-Type: text/html
Content-Length: 157
Connection: close

<html>
<head><title>405 Not Allowed</title></head>
<body>
<center><h1>405 Not Allowed</h1></center>
<hr><center>nginx/1.18.0</center>
</body>
</html>

----------------------- End response -----------------------
master.thijn.ovh: Did not receive an HTTP/1.1 200 OK response. Full response follows:
---------------------- Begin response ----------------------
HTTP/1.1 500 Internal Server Error
Server: nginx
Date: Tue, 06 Dec 2022 15:17:20 GMT
Content-Type: text/html; charset=UTF-8
Transfer-Encoding: chunked
Connection: close
Strict-Transport-Security: max-age=63072000

12
Server unreachable
0


----------------------- End response -----------------------
master.adtec.ovh: Did not receive an HTTP/1.1 200 OK response. Full response follows:
---------------------- Begin response ----------------------
HTTP/1.1 405 Not Allowed
Date: Tue, 06 Dec 2022 15:17:57 GMT
Content-Type: text/html
Content-Length: 157
Connection: close

<html>
<head><title>405 Not Allowed</title></head>
<body>
<center><h1>405 Not Allowed</h1></center>
<hr><center>nginx/1.18.0</center>
</body>
</html>

----------------------- End response -----------------------
master.thijn.ovh: Did not receive an HTTP/1.1 200 OK response. Full response follows:
---------------------- Begin response ----------------------
HTTP/1.1 500 Internal Server Error
Server: nginx
Date: Tue, 06 Dec 2022 15:18:25 GMT
Content-Type: text/html; charset=UTF-8
Transfer-Encoding: chunked
Connection: close
Strict-Transport-Security: max-age=63072000

12
Server unreachable
0


----------------------- End response -----------------------
master.adtec.ovh: Did not receive an HTTP/1.1 200 OK response. Full response follows:
---------------------- Begin response ----------------------
HTTP/1.1 405 Not Allowed
Date: Tue, 06 Dec 2022 15:19:01 GMT
Content-Type: text/html
Content-Length: 157
Connection: close

<html>
<head><title>405 Not Allowed</title></head>
<body>
<center><h1>405 Not Allowed</h1></center>
<hr><center>nginx/1.18.0</center>
</body>
</html>

----------------------- End response -----------------------
master.thijn.ovh: Did not receive an HTTP/1.1 200 OK response. Full response follows:
---------------------- Begin response ----------------------
HTTP/1.1 500 Internal Server Error
Server: nginx
Date: Tue, 06 Dec 2022 15:19:30 GMT
Content-Type: text/html; charset=UTF-8
Transfer-Encoding: chunked
Connection: close
Strict-Transport-Security: max-age=63072000

12
Server unreachable
0


----------------------- End response -----------------------
